{
  "RSpec": {
    "coverage": {
      "/Users/Cristian/School/College/Senior/SE/recipes/app/controllers/recipes_controller.rb": [
        1,
        1,
        41,
        41,
        23,
        23,
        null,
        null,
        18,
        null,
        18,
        18,
        null,
        null,
        1,
        0,
        null,
        0,
        0,
        0,
        0,
        null,
        null,
        null,
        1,
        null,
        null,
        1,
        null,
        0,
        0,
        0,
        null,
        0,
        0,
        0,
        null,
        null,
        0,
        0,
        0,
        null,
        null,
        null,
        1,
        0,
        null,
        null,
        1,
        0,
        null,
        0,
        0,
        0,
        0,
        null,
        0,
        0,
        0,
        null,
        null,
        0,
        0,
        0,
        null,
        null,
        null,
        1,
        0,
        null,
        0,
        0,
        0,
        null,
        0,
        0,
        null,
        null,
        null,
        1,
        1,
        0,
        null,
        null,
        1,
        41,
        41,
        3,
        3,
        null,
        38,
        38,
        76,
        76,
        32,
        32,
        44,
        5,
        null,
        76,
        null,
        null,
        38,
        38,
        null,
        null,
        1,
        18,
        18,
        18,
        7,
        null,
        18,
        18,
        18,
        null,
        null
      ],
      "/Users/Cristian/School/College/Senior/SE/recipes/app/controllers/application_controller.rb": [
        1,
        1,
        1,
        null,
        1,
        1,
        0,
        0,
        0,
        null,
        null,
        null
      ],
      "/Users/Cristian/School/College/Senior/SE/recipes/spec/controllers/reviews_controller_spec.rb": [
        1,
        null,
        1,
        null,
        1,
        null,
        1,
        null,
        null
      ],
      "/Users/Cristian/School/College/Senior/SE/recipes/app/controllers/reviews_controller.rb": [
        1,
        1,
        0,
        0,
        0,
        0,
        0,
        0,
        null,
        null,
        1,
        null,
        0,
        0,
        0,
        null,
        null,
        0,
        null,
        0,
        null,
        null,
        null,
        1,
        0,
        null,
        null,
        1,
        1,
        0,
        null,
        null
      ],
      "/Users/Cristian/School/College/Senior/SE/recipes/spec/features/index_request_spec.rb": [
        1,
        null,
        1,
        null,
        1,
        null,
        1,
        null,
        1,
        1,
        null,
        null,
        1,
        4,
        4,
        4,
        4,
        4,
        null,
        4,
        null,
        null,
        null,
        1,
        1,
        1,
        1,
        1,
        4,
        1,
        1,
        1,
        4,
        1,
        1,
        1,
        1,
        5,
        1,
        null,
        null,
        1,
        1,
        1,
        1,
        1,
        3,
        1,
        1,
        1,
        3,
        1,
        1,
        1,
        1,
        2,
        1,
        1,
        1,
        5,
        1,
        null,
        null,
        1,
        1,
        1,
        1,
        1,
        1,
        2,
        1,
        1,
        1,
        2,
        1,
        1,
        1,
        5,
        1,
        null,
        null,
        null,
        null,
        null,
        1,
        1,
        null,
        null
      ],
      "/Users/Cristian/School/College/Senior/SE/recipes/spec/helpers/reviews_helper_spec.rb": [
        1,
        1,
        null,
        1,
        null,
        null,
        null,
        null,
        null,
        null,
        null,
        null,
        null,
        null,
        1,
        1,
        null
      ],
      "/Users/Cristian/School/College/Senior/SE/recipes/spec/models/ingredient_spec.rb": [
        1,
        1,
        null,
        1,
        null,
        null,
        1,
        1,
        1,
        1,
        1,
        null,
        1,
        1,
        1,
        null,
        null,
        null
      ],
      "/Users/Cristian/School/College/Senior/SE/recipes/app/models/ingredient.rb": [
        1,
        1,
        null
      ],
      "/Users/Cristian/School/College/Senior/SE/recipes/spec/models/recipe_spec.rb": [
        1,
        1,
        null,
        1,
        null,
        null,
        1,
        1,
        1,
        1,
        1,
        1,
        1,
        1,
        1,
        null,
        1,
        1,
        1,
        null,
        1,
        1,
        null,
        null,
        null
      ],
      "/Users/Cristian/School/College/Senior/SE/recipes/app/models/recipe.rb": [
        1,
        1,
        1,
        1,
        1,
        1,
        null,
        null,
        1,
        18,
        null,
        null,
        18,
        null,
        null,
        null,
        18,
        25,
        25,
        25,
        14,
        null,
        null,
        18,
        null,
        null
      ],
      "/Users/Cristian/School/College/Senior/SE/recipes/spec/models/review_spec.rb": [
        1,
        1,
        null,
        1,
        null,
        null,
        null,
        null,
        null,
        null,
        null,
        null,
        null,
        null,
        null,
        null,
        null,
        null,
        null,
        null,
        null,
        null,
        null,
        null,
        null,
        null
      ],
      "/Users/Cristian/School/College/Senior/SE/recipes/spec/models/user_spec.rb": [
        1,
        1,
        null,
        1,
        null,
        null,
        1,
        1,
        null
      ],
      "/Users/Cristian/School/College/Senior/SE/recipes/spec/models/vote_spec.rb": [
        1,
        1,
        null,
        1,
        null,
        null,
        1,
        1,
        1,
        1,
        1,
        null,
        null,
        null
      ],
      "/Users/Cristian/School/College/Senior/SE/recipes/app/models/vote.rb": [
        1,
        null
      ]
    },
    "timestamp": 1555698654
  }
}
