{
  "RSpec": {
    "coverage": {
      "/Users/Cristian/School/College/Senior/SE/recipes/app/models/ingredient.rb": [
        1,
        1,
        null
      ],
      "/Users/Cristian/School/College/Senior/SE/recipes/spec/models/recipe_spec.rb": [
        1,
        1,
        null,
        1,
        null,
        null,
        1,
        1,
        4,
        null,
        1,
        1,
        1,
        1,
        0,
        0,
        0,
        0,
        0,
        0,
        null,
        1,
        1,
        1,
        null,
        1,
        1,
        1,
        0,
        0,
        null,
        null,
        1,
        1,
        1,
        1,
        1,
        1,
        1,
        1,
        null,
        1,
        null,
        1,
        1,
        1,
        1,
        null,
        1,
        1,
        1,
        1,
        null,
        1,
        1,
        1,
        1,
        null,
        1,
        1,
        1,
        null,
        null,
        null
      ],
      "/Users/Cristian/School/College/Senior/SE/recipes/app/models/recipe.rb": [
        1,
        1,
        1,
        1,
        1,
        1,
        1,
        1,
        null,
        null,
        null,
        1,
        0,
        null,
        null,
        1,
        0,
        null,
        null,
        1,
        0,
        null,
        null,
        1,
        0,
        null,
        null,
        1,
        0,
        0,
        null,
        null,
        1,
        3,
        3,
        3,
        3,
        9,
        9,
        6,
        6,
        6,
        6,
        6,
        6,
        2,
        2,
        2,
        null,
        null,
        null,
        3,
        null,
        null,
        1,
        1,
        0,
        0,
        0,
        null,
        null,
        null,
        null,
        null,
        1,
        0,
        null,
        null,
        0,
        null,
        null,
        null,
        0,
        0,
        0,
        0,
        0,
        null,
        null,
        0,
        null,
        null
      ],
      "/Users/Cristian/School/College/Senior/SE/recipes/spec/models/review_spec.rb": [
        1,
        1,
        null,
        1,
        null,
        null,
        1,
        1,
        4,
        null,
        1,
        1,
        1,
        1,
        0,
        0,
        null,
        1,
        2,
        null,
        1,
        1,
        1,
        0,
        0,
        null,
        1,
        1,
        1,
        0,
        0,
        null,
        null,
        null
      ],
      "/Users/Cristian/School/College/Senior/SE/recipes/app/models/review.rb": [
        1,
        1,
        1,
        null
      ],
      "/Users/Cristian/School/College/Senior/SE/recipes/spec/models/up_down_vote_spec.rb": [
        1,
        null,
        1,
        1,
        null
      ],
      "/Users/Cristian/School/College/Senior/SE/recipes/app/models/up_down_vote.rb": [
        1,
        1,
        1,
        1,
        0,
        null,
        null
      ],
      "/Users/Cristian/School/College/Senior/SE/recipes/spec/models/user_spec.rb": [
        1,
        1,
        null,
        1,
        null,
        null,
        1,
        1,
        null
      ],
      "/Users/Cristian/School/College/Senior/SE/recipes/spec/models/vote_spec.rb": [
        1,
        1,
        null,
        1,
        null,
        null,
        1,
        1,
        1,
        1,
        1,
        null,
        null,
        null
      ],
      "/Users/Cristian/School/College/Senior/SE/recipes/app/models/vote.rb": [
        1,
        null
      ]
    },
    "timestamp": 1556512485
  }
}
